<?xml version="1.0" encoding="UTF-8"?>
<!-- Generated by org.testng.reporters.JUnitReportReporter -->
<testsuite hostname="LAPTOP-BAMDJKJ7" failures="0" tests="2" name="ui.tests.Tests" time="14.542" errors="0" timestamp="2020-08-18T22:39:03 ICT" skipped="0">
  <testcase classname="ui.tests.Tests" name="verifySortedByFirstName" time="9.344"/>
  <system-out/>
  <testcase classname="ui.tests.Tests" name="verifyFilerInactiveStatus" time="5.198"/>
  <system-out/>
</testsuite> <!-- ui.tests.Tests -->
