<?xml version="1.0" encoding="UTF-8"?>
<!-- Generated by org.testng.reporters.JUnitReportReporter -->
<testsuite hostname="WINDOWS-5BDT70H" failures="0" tests="1" name="api.tests.APITest" time="4.726" errors="0" timestamp="2020-08-19T18:45:56 ICT" skipped="0">
  <testcase classname="api.tests.APITest" name="getContentPostId" time="4.726"/>
  <system-out/>
</testsuite> <!-- api.tests.APITest -->
