<?xml version="1.0" encoding="UTF-8"?>
<!-- Generated by org.testng.reporters.JUnitReportReporter -->
<testsuite hostname="WINDOWS-5BDT70H" failures="0" tests="2" name="ui.tests.Tests" time="17.207" errors="0" timestamp="2020-08-20T15:30:38 ICT" skipped="0">
  <testcase classname="ui.tests.Tests" name="verifySortedByFirstName" time="11.062"/>
  <system-out/>
  <testcase classname="ui.tests.Tests" name="verifyFilerInactiveStatus" time="6.145"/>
  <system-out/>
</testsuite> <!-- ui.tests.Tests -->
